[uDD::Log][2021-02-22 18:52:15] Start
[uDD::Log][2021-02-22 18:52:15] OS Version    : 10.0
[uDD::Log][2021-02-22 18:52:15] Build Number  : 18363
[uDD::Log][2021-02-22 18:52:15] Service Pack  : 
[uDD::Log][2021-02-22 18:52:15] Graphics Card [0] : NVIDIA GeForce GTX 1060 3GB
[uDD::Log][2021-02-22 18:52:15]   > Monitor[0] : \\.\DISPLAY1
[uDD::Log][2021-02-22 18:52:15] Graphics Card [1] : Microsoft Basic Render Driver
[uDD::Log][2021-02-22 18:52:15] Monitor::Initialized() =>
[uDD::Log][2021-02-22 18:52:15]     ID    : 0
[uDD::Log][2021-02-22 18:52:15]     Size  : (2560, 1440)
[uDD::Log][2021-02-22 18:52:15]     DPI   : (93, 93)
[uDD::Log][2021-02-22 18:52:15]     Rot   : Landscape
[uDD::Log][2021-02-22 18:52:16] Duplicator::Initialize() => OK.
[uDD::Log][2021-02-22 18:52:29] Duplicator::UpdateMoveRects() => DXGI_ERROR_ACCESS_LOST.
[uDD::Log][2021-02-22 18:52:29] Duplicator::UpdateDirtyRects() => DXGI_ERROR_ACCESS_LOST.
[uDD::Log][2021-02-22 18:52:29] Duplicator::Duplicate() => DXGI_ERROR_ACCESS_LOST.
[uDD::Err][2021-02-22 18:52:29] Duplicator::Duplicate() => DXGI_ERROR_INVALID_CALL.
[uDD::Log][2021-02-22 18:52:30] MonitorManager::Reinitialize()
[uDD::Log][2021-02-22 18:52:30] Graphics Card [0] : NVIDIA GeForce GTX 1060 3GB
[uDD::Log][2021-02-22 18:52:30]   > Monitor[0] : \\.\DISPLAY1
[uDD::Log][2021-02-22 18:52:30] Graphics Card [1] : Microsoft Basic Render Driver
[uDD::Log][2021-02-22 18:52:30] Monitor::Initialized() =>
[uDD::Log][2021-02-22 18:52:30]     ID    : 0
[uDD::Log][2021-02-22 18:52:30]     Size  : (2560, 1440)
[uDD::Log][2021-02-22 18:52:30]     DPI   : (93, 93)
[uDD::Log][2021-02-22 18:52:30]     Rot   : Landscape
[uDD::Log][2021-02-22 18:52:30] Duplicator::Initialize() => OK.
[uDD::Log][2021-02-22 18:53:49] Stop
